<?xml version="1.0" encoding="utf-8"?><testsuites name="pytest tests"><testsuite name="pytest" errors="0" failures="0" skipped="0" tests="10" time="1.075" timestamp="2026-06-17T17:07:05.954188+00:00" hostname="agent-env-c8e03c25-228e-4ef7-a645-acd5febc2b61"><testcase classname="backend.tests.backend_test.TestHealth" name="test_health_ok" time="0.313" /><testcase classname="backend.tests.backend_test.TestSubmit" name="test_submit_mcq" time="0.050" /><testcase classname="backend.tests.backend_test.TestSubmit" name="test_submit_coding" time="0.058" /><testcase classname="backend.tests.backend_test.TestSubmit" name="test_submit_empty_body" time="0.053" /><testcase classname="backend.tests.backend_test.TestSubmissionsList" name="test_list_includes_recent" time="0.055" /><testcase classname="backend.tests.backend_test.TestSubmissionsList" name="test_list_sorted_desc" time="0.057" /><testcase classname="backend.tests.backend_test.TestSubmissionFetch" name="test_fetch_known_file" time="0.052" /><testcase classname="backend.tests.backend_test.TestSubmissionFetch" name="test_traversal_dotdot" time="0.058" /><testcase classname="backend.tests.backend_test.TestSubmissionFetch" name="test_traversal_encoded" time="0.047" /><testcase classname="backend.tests.backend_test.TestSubmissionFetch" name="test_fetch_nonexistent" time="0.051" /></testsuite></testsuites>